<?xml version="1.0" encoding="UTF-8"?>
<!-- Generated by org.testng.reporters.JUnitXMLReporter -->
<testsuite ignored="0" hostname="Miftah.local" failures="1" tests="1" name="Test" time="12.554" errors="0" timestamp="25 Jul 2020 05:44:58 GMT">
  <testcase classname="cucumber.api.testng.AbstractTestNGCucumberTests" name="feature" time="7.577">
    <failure type="cucumber.runtime.CucumberException" message="java.lang.AssertionError: expected [AAAmazon.com: Online Shopping for Electronics, Apparel, Computers, Books, DVDs &amp;amp; more] but found [Amazon.com: Online Shopping for Electronics, Apparel, Computers, Books, DVDs &amp;amp; more]">
      <![CDATA[cucumber.runtime.CucumberException: java.lang.AssertionError: expected [AAAmazon.com: Online Shopping for Electronics, Apparel, Computers, Books, DVDs & more] but found [Amazon.com: Online Shopping for Electronics, Apparel, Computers, Books, DVDs & more]
at cucumber.api.testng.TestNGCucumberRunner.runCucumber(TestNGCucumberRunner.java:69)
at cucumber.api.testng.AbstractTestNGCucumberTests.feature(AbstractTestNGCucumberTests.java:21)
Caused by: java.lang.AssertionError: expected [AAAmazon.com: Online Shopping for Electronics, Apparel, Computers, Books, DVDs & more] but found [Amazon.com: Online Shopping for Electronics, Apparel, Computers, Books, DVDs & more]
at com.stepdefinition.SigninSteps.login_should_be_successful(SigninSteps.java:53)
at âœ½.Then login should be successful(Signin.feature:8)
... Removed 31 stack frames]]>
    </failure>
  </testcase> <!-- feature -->
</testsuite> <!-- Test -->
